Traceback (most recent call last):
  File "C:\Users\kaes1\AppData\Local\Programs\Python\Python311\Lib\site-packages\jupyter_cache\executors\utils.py", line 58, in single_nb_execution
    executenb(
  File "C:\Users\kaes1\AppData\Local\Programs\Python\Python311\Lib\site-packages\nbclient\client.py", line 1305, in execute
    return NotebookClient(nb=nb, resources=resources, km=km, **kwargs).execute()
           ^^^^^^^^^^^^^^^^^^^^^^^^^^^^^^^^^^^^^^^^^^^^^^^^^^^^^^^^^^^^^^^^^^^^^
  File "C:\Users\kaes1\AppData\Local\Programs\Python\Python311\Lib\site-packages\jupyter_core\utils\__init__.py", line 168, in wrapped
    return loop.run_until_complete(inner)
           ^^^^^^^^^^^^^^^^^^^^^^^^^^^^^^
  File "C:\Users\kaes1\AppData\Local\Programs\Python\Python311\Lib\asyncio\base_events.py", line 653, in run_until_complete
    return future.result()
           ^^^^^^^^^^^^^^^
  File "C:\Users\kaes1\AppData\Local\Programs\Python\Python311\Lib\site-packages\nbclient\client.py", line 705, in async_execute
    await self.async_execute_cell(
  File "C:\Users\kaes1\AppData\Local\Programs\Python\Python311\Lib\site-packages\nbclient\client.py", line 1058, in async_execute_cell
    await self._check_raise_for_error(cell, cell_index, exec_reply)
  File "C:\Users\kaes1\AppData\Local\Programs\Python\Python311\Lib\site-packages\nbclient\client.py", line 914, in _check_raise_for_error
    raise CellExecutionError.from_cell_and_msg(cell, exec_reply_content)
nbclient.exceptions.CellExecutionError: An error occurred while executing the following cell:
------------------
from skimage.color import rgb2gray
#Esta función se utiliza para convertir imágenes en color en imágenes en escala de grises.
from skimage.io import imread
# Importa la función imread de la biblioteca scikit-image. Esta función se utiliza para cargar imágenes desde archivos en diversos formatos.
import numpy as np
from scipy import signal
#biblioteca científica que proporciona herramientas para diversas aplicaciones numéricas, incluyendo procesamiento de señales.
import matplotlib.pylab as pylab
#módulo que combina características de NumPy y Matplotlib para una experiencia de usuario similar a la de MATLAB.
------------------


[1;31m---------------------------------------------------------------------------[0m
[1;31mModuleNotFoundError[0m                       Traceback (most recent call last)
Cell [1;32mIn[1], line 1[0m
[1;32m----> 1[0m [38;5;28;01mfrom[39;00m [38;5;21;01mskimage[39;00m[38;5;21;01m.[39;00m[38;5;21;01mcolor[39;00m [38;5;28;01mimport[39;00m rgb2gray
[0;32m      2[0m [38;5;66;03m#Esta función se utiliza para convertir imágenes en color en imágenes en escala de grises.[39;00m
[0;32m      3[0m [38;5;28;01mfrom[39;00m [38;5;21;01mskimage[39;00m[38;5;21;01m.[39;00m[38;5;21;01mio[39;00m [38;5;28;01mimport[39;00m imread

[1;31mModuleNotFoundError[0m: No module named 'skimage'

